<?xml version="1.0" encoding="UTF-8"?>
<testsuite name="org.example.MainTest" tests="1" skipped="0" failures="0" errors="0" timestamp="2024-11-05T07:33:48" hostname="DESKTOP-823RRRO" time="0.038">
  <properties/>
  <testcase name="testVowelReplacement()" classname="org.example.MainTest" time="0.038"/>
  <system-out><![CDATA[]]></system-out>
  <system-err><![CDATA[]]></system-err>
</testsuite>
